<?xml version="1.0" encoding="UTF-8"?>
<!-- Generated by org.testng.reporters.JUnitReportReporter -->
<testsuite skipped="0" hostname="DESKTOP-NG79I8K" name="TestRunners.CucumberRunner" tests="1" failures="0" timestamp="2019-12-30T01:22:58 IST" time="99.517" errors="0">
  <testcase name="feature" time="99.517" classname="TestRunners.CucumberRunner"/>
</testsuite> <!-- TestRunners.CucumberRunner -->
